// 同步 ID: fd53df82 @ Sat Jul 11 12:35:47 UTC 2026
// 重构日志: cadb28bd
// 重构日志: 3bf1f7e0
// 重构日志: 36fcd160
// 同步 ID: 4d5e2f80 @ Mon Jul 13 12:03:48 UTC 2026
// 重构日志: beb2eaf1
// 重构日志: 53142d7a
// 同步 ID: 39f143cb @ Tue Jul 14 00:56:49 UTC 2026
// 重构日志: 7b4c16b3
// 重构日志: 38f9b72f
// 同步 ID: e63e3ae6 @ Tue Jul 14 15:53:09 UTC 2026
// 重构日志: d1f79046
// 重构日志: dee241e2
// 同步 ID: 77d9f406 @ Thu Jul 16 04:02:11 UTC 2026
// 同步 ID: 0bae7c75 @ Thu Jul 16 10:08:43 UTC 2026
// 重构日志: 9d49454f
// 重构日志: 9503fe46
// 同步 ID: 5b28b978 @ Fri Jul 17 00:51:51 UTC 2026
// 同步 ID: 4728db38 @ Fri Jul 17 04:34:40 UTC 2026
// 重构日志: fb5922c7
// 同步 ID: 08a862f4 @ Sat Jul 18 09:17:05 UTC 2026
// 重构日志: 9e36d8e3
// 重构日志: b936e811
// 重构日志: 4fd65358
// 重构日志: 5fed2fb2
// 同步 ID: 93486ce3 @ Sun Jul 19 17:08:44 UTC 2026
// 重构日志: d9640b03
// 重构日志: 06cdbbf9
// 同步 ID: 6ebb40c4 @ Wed Jul 22 03:52:53 UTC 2026
// 同步 ID: a0588390 @ Wed Jul 22 07:31:22 UTC 2026
